Release 14.7 - xst P.20131013 (lin64)
Copyright (c) 1995-2013 Xilinx, Inc.  All rights reserved.
--> 
Parameter TMPDIR set to xst/projnav.tmp


Total REAL time to Xst completion: 0.00 secs
Total CPU time to Xst completion: 0.10 secs
 
--> 
Parameter xsthdpdir set to xst


Total REAL time to Xst completion: 0.00 secs
Total CPU time to Xst completion: 0.10 secs
 
--> 
Reading design: alu.prj

TABLE OF CONTENTS
  1) Synthesis Options Summary
  2) HDL Parsing
  3) HDL Elaboration
  4) HDL Synthesis
       4.1) HDL Synthesis Report
  5) Advanced HDL Synthesis
       5.1) Advanced HDL Synthesis Report
  6) Low Level Synthesis
  7) Partition Report
  8) Design Summary
       8.1) Primitive and Black Box Usage
       8.2) Device utilization summary
       8.3) Partition Resource Summary
       8.4) Timing Report
            8.4.1) Clock Information
            8.4.2) Asynchronous Control Signals Information
            8.4.3) Timing Summary
            8.4.4) Timing Details
            8.4.5) Cross Clock Domains Report


=========================================================================
*                      Synthesis Options Summary                        *
=========================================================================
---- Source Parameters
Input File Name                    : "alu.prj"
Ignore Synthesis Constraint File   : NO

---- Target Parameters
Output File Name                   : "alu"
Output Format                      : NGC
Target Device                      : xc7a100t-3-csg324

---- Source Options
Top Module Name                    : alu
Automatic FSM Extraction           : YES
FSM Encoding Algorithm             : Auto
Safe Implementation                : No
FSM Style                          : LUT
RAM Extraction                     : Yes
RAM Style                          : Auto
ROM Extraction                     : Yes
Shift Register Extraction          : YES
ROM Style                          : Auto
Resource Sharing                   : YES
Asynchronous To Synchronous        : NO
Shift Register Minimum Size        : 2
Use DSP Block                      : Auto
Automatic Register Balancing       : No

---- Target Options
LUT Combining                      : Auto
Reduce Control Sets                : Auto
Add IO Buffers                     : YES
Global Maximum Fanout              : 100000
Add Generic Clock Buffer(BUFG)     : 32
Register Duplication               : YES
Optimize Instantiated Primitives   : NO
Use Clock Enable                   : Auto
Use Synchronous Set                : Auto
Use Synchronous Reset              : Auto
Pack IO Registers into IOBs        : Auto
Equivalent register Removal        : YES

---- General Options
Optimization Goal                  : Speed
Optimization Effort                : 1
Power Reduction                    : NO
Keep Hierarchy                     : No
Netlist Hierarchy                  : As_Optimized
RTL Output                         : Yes
Global Optimization                : AllClockNets
Read Cores                         : YES
Write Timing Constraints           : NO
Cross Clock Analysis               : NO
Hierarchy Separator                : /
Bus Delimiter                      : <>
Case Specifier                     : Maintain
Slice Utilization Ratio            : 100
BRAM Utilization Ratio             : 100
DSP48 Utilization Ratio            : 100
Auto BRAM Packing                  : NO
Slice Utilization Ratio Delta      : 5

=========================================================================


=========================================================================
*                          HDL Parsing                                  *
=========================================================================
Analyzing Verilog file "/home/ise/hw1projectStefanosBotsaris/alu.v" into library work
Parsing module <alu>.

=========================================================================
*                            HDL Elaboration                            *
=========================================================================

Elaborating module <alu>.

=========================================================================
*                           HDL Synthesis                               *
=========================================================================

Synthesizing Unit <alu>.
    Related source file is "/home/ise/hw1projectStefanosBotsaris/alu.v".
    Found 32-bit subtractor for signal <A[31]_B[31]_sub_3_OUT> created at line 37.
    Found 32-bit adder for signal <A[31]_B[31]_add_6_OUT> created at line 54.
    Found 32-bit 14-to-1 multiplexer for signal <ALU_out> created at line 33.
    Summary:
	inferred   2 Adder/Subtractor(s).
	inferred   1 Multiplexer(s).
Unit <alu> synthesized.

=========================================================================
HDL Synthesis Report

Macro Statistics
# Adders/Subtractors                                   : 2
 32-bit adder                                          : 1
 32-bit subtractor                                     : 1
# Multiplexers                                         : 1
 32-bit 14-to-1 multiplexer                            : 1

=========================================================================

=========================================================================
*                       Advanced HDL Synthesis                          *
=========================================================================


=========================================================================
Advanced HDL Synthesis Report

Macro Statistics
# Adders/Subtractors                                   : 2
 32-bit adder                                          : 1
 32-bit subtractor                                     : 1
# Multiplexers                                         : 1
 32-bit 14-to-1 multiplexer                            : 1

=========================================================================

=========================================================================
*                         Low Level Synthesis                           *
=========================================================================

Optimizing unit <alu> ...

Mapping all equations...
Building and optimizing final netlist ...
Found area constraint ratio of 100 (+ 5) on block alu, actual ratio is 0.

Final Macro Processing ...

=========================================================================
Final Register Report

Found no macro
=========================================================================

=========================================================================
*                           Partition Report                            *
=========================================================================

Partition Implementation Status
-------------------------------

  No Partitions were found in this design.

-------------------------------

=========================================================================
*                            Design Summary                             *
=========================================================================

Top Level Output File Name         : alu.ngc

Primitive and Black Box Usage:
------------------------------
# BELS                             : 329
#      GND                         : 1
#      LUT2                        : 64
#      LUT3                        : 2
#      LUT5                        : 60
#      LUT6                        : 72
#      MUXCY                       : 62
#      MUXF7                       : 3
#      VCC                         : 1
#      XORCY                       : 64
# IO Buffers                       : 101
#      IBUF                        : 68
#      OBUF                        : 33

Device utilization summary:
---------------------------

Selected Device : 7a100tcsg324-3 


Slice Logic Utilization: 
 Number of Slice LUTs:                  198  out of  63400     0%  
    Number used as Logic:               198  out of  63400     0%  

Slice Logic Distribution: 
 Number of LUT Flip Flop pairs used:    198
   Number with an unused Flip Flop:     198  out of    198   100%  
   Number with an unused LUT:             0  out of    198     0%  
   Number of fully used LUT-FF pairs:     0  out of    198     0%  
   Number of unique control sets:         0

IO Utilization: 
 Number of IOs:                         101
 Number of bonded IOBs:                 101  out of    210    48%  

Specific Feature Utilization:

---------------------------
Partition Resource Summary:
---------------------------

  No Partitions were found in this design.

---------------------------


=========================================================================
Timing Report

NOTE: THESE TIMING NUMBERS ARE ONLY A SYNTHESIS ESTIMATE.
      FOR ACCURATE TIMING INFORMATION PLEASE REFER TO THE TRACE REPORT
      GENERATED AFTER PLACE-and-ROUTE.

Clock Information:
------------------
No clock signals found in this design

Asynchronous Control Signals Information:
----------------------------------------
No asynchronous control signals found in this design

Timing Summary:
---------------
Speed Grade: -3

   Minimum period: No path found
   Minimum input arrival time before clock: No path found
   Maximum output required time after clock: No path found
   Maximum combinational path delay: 4.962ns

Timing Details:
---------------
All values displayed in nanoseconds (ns)

=========================================================================
Timing constraint: Default path analysis
  Total number of paths / destination ports: 13390 / 33
-------------------------------------------------------------------------
Delay:               4.962ns (Levels of Logic = 10)
  Source:            A<0> (PAD)
  Destination:       zero (PAD)

  Data Path: A<0> to zero
                                Gate     Net
    Cell:in->out      fanout   Delay   Delay  Logical Name (Net Name)
    ----------------------------------------  ------------
     IBUF:I->O             6   0.001   0.402  A_0_IBUF (A_0_IBUF)
     LUT2:I0->O            1   0.097   0.000  Madd_A[31]_B[31]_add_6_OUT_lut<0> (Madd_A[31]_B[31]_add_6_OUT_lut<0>)
     MUXCY:S->O            1   0.353   0.000  Madd_A[31]_B[31]_add_6_OUT_cy<0> (Madd_A[31]_B[31]_add_6_OUT_cy<0>)
     XORCY:CI->O           3   0.370   0.693  Madd_A[31]_B[31]_add_6_OUT_xor<1> (A[31]_B[31]_add_6_OUT<1>)
     LUT5:I0->O            1   0.097   0.379  Mmux_ALU_out243 (Mmux_ALU_out242)
     LUT5:I3->O            2   0.097   0.697  Mmux_ALU_out244 (ALU_out_1_OBUF)
     LUT6:I0->O            1   0.097   0.511  zero<31>1 (zero<31>)
     LUT5:I2->O            1   0.097   0.693  zero<31>2 (zero<31>1)
     LUT6:I0->O            1   0.097   0.279  zero<31>7 (zero_OBUF)
     OBUF:I->O                 0.000          zero_OBUF (zero)
    ----------------------------------------
    Total                      4.962ns (1.306ns logic, 3.656ns route)
                                       (26.3% logic, 73.7% route)

=========================================================================

Cross Clock Domains Report:
--------------------------

=========================================================================


Total REAL time to Xst completion: 26.00 secs
Total CPU time to Xst completion: 21.80 secs
 
--> 


Total memory usage is 593472 kilobytes

Number of errors   :    0 (   0 filtered)
Number of warnings :    0 (   0 filtered)
Number of infos    :    0 (   0 filtered)

