Release 14.7 - xst P.20131013 (lin64)
Copyright (c) 1995-2013 Xilinx, Inc.  All rights reserved.
--> 
Parameter TMPDIR set to xst/projnav.tmp


Total REAL time to Xst completion: 0.00 secs
Total CPU time to Xst completion: 0.08 secs
 
--> 
Parameter xsthdpdir set to xst


Total REAL time to Xst completion: 0.00 secs
Total CPU time to Xst completion: 0.08 secs
 
--> 
Reading design: ifstage.prj

TABLE OF CONTENTS
  1) Synthesis Options Summary
  2) HDL Parsing
  3) HDL Elaboration
  4) HDL Synthesis
       4.1) HDL Synthesis Report
  5) Advanced HDL Synthesis
       5.1) Advanced HDL Synthesis Report
  6) Low Level Synthesis
  7) Partition Report
  8) Design Summary
       8.1) Primitive and Black Box Usage
       8.2) Device utilization summary
       8.3) Partition Resource Summary
       8.4) Timing Report
            8.4.1) Clock Information
            8.4.2) Asynchronous Control Signals Information
            8.4.3) Timing Summary
            8.4.4) Timing Details
            8.4.5) Cross Clock Domains Report


=========================================================================
*                      Synthesis Options Summary                        *
=========================================================================
---- Source Parameters
Input File Name                    : "ifstage.prj"
Ignore Synthesis Constraint File   : NO

---- Target Parameters
Output File Name                   : "ifstage"
Output Format                      : NGC
Target Device                      : xc7a100t-3-csg324

---- Source Options
Top Module Name                    : ifstage
Automatic FSM Extraction           : YES
FSM Encoding Algorithm             : Auto
Safe Implementation                : No
FSM Style                          : LUT
RAM Extraction                     : Yes
RAM Style                          : Auto
ROM Extraction                     : Yes
Shift Register Extraction          : YES
ROM Style                          : Auto
Resource Sharing                   : YES
Asynchronous To Synchronous        : NO
Shift Register Minimum Size        : 2
Use DSP Block                      : Auto
Automatic Register Balancing       : No

---- Target Options
LUT Combining                      : Auto
Reduce Control Sets                : Auto
Add IO Buffers                     : YES
Global Maximum Fanout              : 100000
Add Generic Clock Buffer(BUFG)     : 32
Register Duplication               : YES
Optimize Instantiated Primitives   : NO
Use Clock Enable                   : Auto
Use Synchronous Set                : Auto
Use Synchronous Reset              : Auto
Pack IO Registers into IOBs        : Auto
Equivalent register Removal        : YES

---- General Options
Optimization Goal                  : Speed
Optimization Effort                : 1
Power Reduction                    : NO
Keep Hierarchy                     : No
Netlist Hierarchy                  : As_Optimized
RTL Output                         : Yes
Global Optimization                : AllClockNets
Read Cores                         : YES
Write Timing Constraints           : NO
Cross Clock Analysis               : NO
Hierarchy Separator                : /
Bus Delimiter                      : <>
Case Specifier                     : Maintain
Slice Utilization Ratio            : 100
BRAM Utilization Ratio             : 100
DSP48 Utilization Ratio            : 100
Auto BRAM Packing                  : NO
Slice Utilization Ratio Delta      : 5

=========================================================================


=========================================================================
*                          HDL Parsing                                  *
=========================================================================
Analyzing Verilog file "/home/ise/hw1projectStefanosBotsaris/mux2to1.v" into library work
Parsing module <mux2to1>.
Analyzing Verilog file "/home/ise/hw1projectStefanosBotsaris/imem.v" into library work
Parsing module <imem>.
Analyzing Verilog file "/home/ise/hw1projectStefanosBotsaris/ifstage.v" into library work
Parsing module <ifstage>.

=========================================================================
*                            HDL Elaboration                            *
=========================================================================

Elaborating module <ifstage>.

Elaborating module <imem>.
Reading initialization file \"rom.data\".

Elaborating module <mux2to1>.

=========================================================================
*                           HDL Synthesis                               *
=========================================================================

Synthesizing Unit <ifstage>.
    Related source file is "/home/ise/hw1projectStefanosBotsaris/ifstage.v".
    Found 32-bit register for signal <PC>.
    Found 32-bit adder for signal <din1mux> created at line 34.
    Found 32-bit adder for signal <din2mux> created at line 35.
    Summary:
	inferred   2 Adder/Subtractor(s).
	inferred  32 D-type flip-flop(s).
Unit <ifstage> synthesized.

Synthesizing Unit <imem>.
    Related source file is "/home/ise/hw1projectStefanosBotsaris/imem.v".
WARNING:Xst:2999 - Signal 'ROM', unconnected in block 'imem', is tied to its initial value.
    Found 1024x32-bit single-port Read Only RAM <Mram_ROM> for signal <ROM>.
    Found 32-bit register for signal <dout>.
    Summary:
	inferred   1 RAM(s).
	inferred  32 D-type flip-flop(s).
Unit <imem> synthesized.

Synthesizing Unit <mux2to1>.
    Related source file is "/home/ise/hw1projectStefanosBotsaris/mux2to1.v".
    Summary:
	inferred   1 Multiplexer(s).
Unit <mux2to1> synthesized.

=========================================================================
HDL Synthesis Report

Macro Statistics
# RAMs                                                 : 1
 1024x32-bit single-port Read Only RAM                 : 1
# Adders/Subtractors                                   : 2
 32-bit adder                                          : 2
# Registers                                            : 2
 32-bit register                                       : 2
# Multiplexers                                         : 1
 32-bit 2-to-1 multiplexer                             : 1

=========================================================================

=========================================================================
*                       Advanced HDL Synthesis                          *
=========================================================================


Synthesizing (advanced) Unit <ifstage>.
INFO:Xst:3212 - HDL ADVISOR - Asynchronous or synchronous initialization of the register <PC> prevents it from being combined with the RAM <imem1/Mram_ROM> for implementation as read-only block RAM.
    -----------------------------------------------------------------------
    | ram_type           | Distributed                         |          |
    -----------------------------------------------------------------------
    | Port A                                                              |
    |     aspect ratio   | 1024-word x 32-bit                  |          |
    |     weA            | connected to signal <GND>           | high     |
    |     addrA          | connected to signal <PC<11:2>>      |          |
    |     diA            | connected to signal <GND>           |          |
    |     doA            | connected to internal node          |          |
    -----------------------------------------------------------------------
INFO:Xst:3226 - The RAM <imem1/Mram_ROM> will be implemented as a BLOCK RAM, absorbing the following register(s): <imem1/dout>
    -----------------------------------------------------------------------
    | ram_type           | Block                               |          |
    -----------------------------------------------------------------------
    | Port A                                                              |
    |     aspect ratio   | 1024-word x 32-bit                  |          |
    |     mode           | write-first                         |          |
    |     clkA           | connected to signal <clk>           | rise     |
    |     weA            | connected to signal <GND>           | high     |
    |     addrA          | connected to signal <PC<11:2>>      |          |
    |     diA            | connected to signal <GND>           |          |
    |     doA            | connected to signal <instr>         |          |
    -----------------------------------------------------------------------
    | optimization       | speed                               |          |
    -----------------------------------------------------------------------
Unit <ifstage> synthesized (advanced).

=========================================================================
Advanced HDL Synthesis Report

Macro Statistics
# RAMs                                                 : 1
 1024x32-bit single-port block Read Only RAM           : 1
# Adders/Subtractors                                   : 2
 32-bit adder                                          : 2
# Registers                                            : 32
 Flip-Flops                                            : 32
# Multiplexers                                         : 1
 32-bit 2-to-1 multiplexer                             : 1

=========================================================================

=========================================================================
*                         Low Level Synthesis                           *
=========================================================================
WARNING:Xst:2677 - Node <PC_12> of sequential type is unconnected in block <ifstage>.
WARNING:Xst:2677 - Node <PC_13> of sequential type is unconnected in block <ifstage>.
WARNING:Xst:2677 - Node <PC_14> of sequential type is unconnected in block <ifstage>.
WARNING:Xst:2677 - Node <PC_15> of sequential type is unconnected in block <ifstage>.
WARNING:Xst:2677 - Node <PC_16> of sequential type is unconnected in block <ifstage>.
WARNING:Xst:2677 - Node <PC_17> of sequential type is unconnected in block <ifstage>.
WARNING:Xst:2677 - Node <PC_18> of sequential type is unconnected in block <ifstage>.
WARNING:Xst:2677 - Node <PC_19> of sequential type is unconnected in block <ifstage>.
WARNING:Xst:2677 - Node <PC_20> of sequential type is unconnected in block <ifstage>.
WARNING:Xst:2677 - Node <PC_21> of sequential type is unconnected in block <ifstage>.
WARNING:Xst:2677 - Node <PC_22> of sequential type is unconnected in block <ifstage>.
WARNING:Xst:2677 - Node <PC_23> of sequential type is unconnected in block <ifstage>.
WARNING:Xst:2677 - Node <PC_24> of sequential type is unconnected in block <ifstage>.
WARNING:Xst:2677 - Node <PC_25> of sequential type is unconnected in block <ifstage>.
WARNING:Xst:2677 - Node <PC_26> of sequential type is unconnected in block <ifstage>.
WARNING:Xst:2677 - Node <PC_27> of sequential type is unconnected in block <ifstage>.
WARNING:Xst:2677 - Node <PC_28> of sequential type is unconnected in block <ifstage>.
WARNING:Xst:2677 - Node <PC_29> of sequential type is unconnected in block <ifstage>.
WARNING:Xst:2677 - Node <PC_30> of sequential type is unconnected in block <ifstage>.
WARNING:Xst:2677 - Node <PC_31> of sequential type is unconnected in block <ifstage>.

Optimizing unit <ifstage> ...

Mapping all equations...
Building and optimizing final netlist ...
Found area constraint ratio of 100 (+ 5) on block ifstage, actual ratio is 0.

Final Macro Processing ...

=========================================================================
Final Register Report

Macro Statistics
# Registers                                            : 12
 Flip-Flops                                            : 12

=========================================================================

=========================================================================
*                           Partition Report                            *
=========================================================================

Partition Implementation Status
-------------------------------

  No Partitions were found in this design.

-------------------------------

=========================================================================
*                            Design Summary                             *
=========================================================================

Top Level Output File Name         : ifstage.ngc

Primitive and Black Box Usage:
------------------------------
# BELS                             : 77
#      GND                         : 1
#      INV                         : 1
#      LUT1                        : 8
#      LUT2                        : 12
#      LUT3                        : 12
#      MUXCY                       : 20
#      VCC                         : 1
#      XORCY                       : 22
# FlipFlops/Latches                : 12
#      FDRE                        : 12
# RAMS                             : 1
#      RAMB36E1                    : 1
# Clock Buffers                    : 1
#      BUFGP                       : 1
# IO Buffers                       : 47
#      IBUF                        : 15
#      OBUF                        : 32

Device utilization summary:
---------------------------

Selected Device : 7a100tcsg324-3 


Slice Logic Utilization: 
 Number of Slice Registers:              12  out of  126800     0%  
 Number of Slice LUTs:                   33  out of  63400     0%  
    Number used as Logic:                33  out of  63400     0%  

Slice Logic Distribution: 
 Number of LUT Flip Flop pairs used:     33
   Number with an unused Flip Flop:      21  out of     33    63%  
   Number with an unused LUT:             0  out of     33     0%  
   Number of fully used LUT-FF pairs:    12  out of     33    36%  
   Number of unique control sets:         1

IO Utilization: 
 Number of IOs:                          68
 Number of bonded IOBs:                  48  out of    210    22%  

Specific Feature Utilization:
 Number of Block RAM/FIFO:                1  out of    135     0%  
    Number using Block RAM only:          1
 Number of BUFG/BUFGCTRLs:                1  out of     32     3%  

---------------------------
Partition Resource Summary:
---------------------------

  No Partitions were found in this design.

---------------------------


=========================================================================
Timing Report

NOTE: THESE TIMING NUMBERS ARE ONLY A SYNTHESIS ESTIMATE.
      FOR ACCURATE TIMING INFORMATION PLEASE REFER TO THE TRACE REPORT
      GENERATED AFTER PLACE-and-ROUTE.

Clock Information:
------------------
-----------------------------------+------------------------+-------+
Clock Signal                       | Clock buffer(FF name)  | Load  |
-----------------------------------+------------------------+-------+
clk                                | BUFGP                  | 13    |
-----------------------------------+------------------------+-------+

Asynchronous Control Signals Information:
----------------------------------------
No asynchronous control signals found in this design

Timing Summary:
---------------
Speed Grade: -3

   Minimum period: 3.161ns (Maximum Frequency: 316.326MHz)
   Minimum input arrival time before clock: 1.785ns
   Maximum output required time after clock: No path found
   Maximum combinational path delay: No path found

Timing Details:
---------------
All values displayed in nanoseconds (ns)

=========================================================================
Timing constraint: Default period analysis for Clock 'clk'
  Clock period: 3.161ns (frequency: 316.326MHz)
  Total number of paths / destination ports: 486 / 12
-------------------------------------------------------------------------
Delay:               3.161ns (Levels of Logic = 14)
  Source:            PC_2 (FF)
  Destination:       PC_11 (FF)
  Source Clock:      clk rising
  Destination Clock: clk rising

  Data Path: PC_2 to PC_11
                                Gate     Net
    Cell:in->out      fanout   Delay   Delay  Logical Name (Net Name)
    ----------------------------------------  ------------
     FDRE:C->Q             2   0.361   0.283  PC_2 (PC_2)
     INV:I->O              1   0.113   0.000  Madd_din1mux_lut<2>_INV_0 (Madd_din1mux_lut<2>)
     MUXCY:S->O            1   0.353   0.000  Madd_din1mux_cy<2> (Madd_din1mux_cy<2>)
     MUXCY:CI->O           1   0.023   0.000  Madd_din1mux_cy<3> (Madd_din1mux_cy<3>)
     MUXCY:CI->O           1   0.023   0.000  Madd_din1mux_cy<4> (Madd_din1mux_cy<4>)
     MUXCY:CI->O           1   0.023   0.000  Madd_din1mux_cy<5> (Madd_din1mux_cy<5>)
     MUXCY:CI->O           1   0.023   0.000  Madd_din1mux_cy<6> (Madd_din1mux_cy<6>)
     MUXCY:CI->O           1   0.023   0.000  Madd_din1mux_cy<7> (Madd_din1mux_cy<7>)
     MUXCY:CI->O           1   0.023   0.000  Madd_din1mux_cy<8> (Madd_din1mux_cy<8>)
     MUXCY:CI->O           1   0.023   0.000  Madd_din1mux_cy<9> (Madd_din1mux_cy<9>)
     XORCY:CI->O           2   0.370   0.299  Madd_din1mux_xor<10> (din1mux<10>)
     LUT2:I1->O            1   0.097   0.000  Madd_din2mux_lut<10> (Madd_din2mux_lut<10>)
     MUXCY:S->O            0   0.353   0.000  Madd_din2mux_cy<10> (Madd_din2mux_cy<10>)
     XORCY:CI->O           1   0.370   0.295  Madd_din2mux_xor<11> (din2mux<11>)
     LUT3:I2->O            1   0.097   0.000  mux2to1stoPC/Mmux_dout31 (muxoutPC<11>)
     FDRE:D                    0.008          PC_11
    ----------------------------------------
    Total                      3.161ns (2.283ns logic, 0.878ns route)
                                       (72.2% logic, 27.8% route)

=========================================================================
Timing constraint: Default OFFSET IN BEFORE for Clock 'clk'
  Total number of paths / destination ports: 114 / 36
-------------------------------------------------------------------------
Offset:              1.785ns (Levels of Logic = 13)
  Source:            PC_immed<2> (PAD)
  Destination:       PC_11 (FF)
  Destination Clock: clk rising

  Data Path: PC_immed<2> to PC_11
                                Gate     Net
    Cell:in->out      fanout   Delay   Delay  Logical Name (Net Name)
    ----------------------------------------  ------------
     IBUF:I->O             1   0.001   0.379  PC_immed_2_IBUF (PC_immed_2_IBUF)
     LUT2:I0->O            1   0.097   0.000  Madd_din2mux_lut<2> (Madd_din2mux_lut<2>)
     MUXCY:S->O            1   0.353   0.000  Madd_din2mux_cy<2> (Madd_din2mux_cy<2>)
     MUXCY:CI->O           1   0.023   0.000  Madd_din2mux_cy<3> (Madd_din2mux_cy<3>)
     MUXCY:CI->O           1   0.023   0.000  Madd_din2mux_cy<4> (Madd_din2mux_cy<4>)
     MUXCY:CI->O           1   0.023   0.000  Madd_din2mux_cy<5> (Madd_din2mux_cy<5>)
     MUXCY:CI->O           1   0.023   0.000  Madd_din2mux_cy<6> (Madd_din2mux_cy<6>)
     MUXCY:CI->O           1   0.023   0.000  Madd_din2mux_cy<7> (Madd_din2mux_cy<7>)
     MUXCY:CI->O           1   0.023   0.000  Madd_din2mux_cy<8> (Madd_din2mux_cy<8>)
     MUXCY:CI->O           1   0.023   0.000  Madd_din2mux_cy<9> (Madd_din2mux_cy<9>)
     MUXCY:CI->O           0   0.023   0.000  Madd_din2mux_cy<10> (Madd_din2mux_cy<10>)
     XORCY:CI->O           1   0.370   0.295  Madd_din2mux_xor<11> (din2mux<11>)
     LUT3:I2->O            1   0.097   0.000  mux2to1stoPC/Mmux_dout31 (muxoutPC<11>)
     FDRE:D                    0.008          PC_11
    ----------------------------------------
    Total                      1.785ns (1.110ns logic, 0.675ns route)
                                       (62.2% logic, 37.8% route)

=========================================================================

Cross Clock Domains Report:
--------------------------

Clock to Setup on destination clock clk
---------------+---------+---------+---------+---------+
               | Src:Rise| Src:Fall| Src:Rise| Src:Fall|
Source Clock   |Dest:Rise|Dest:Rise|Dest:Fall|Dest:Fall|
---------------+---------+---------+---------+---------+
clk            |    3.161|         |         |         |
---------------+---------+---------+---------+---------+

=========================================================================


Total REAL time to Xst completion: 18.00 secs
Total CPU time to Xst completion: 16.48 secs
 
--> 


Total memory usage is 505232 kilobytes

Number of errors   :    0 (   0 filtered)
Number of warnings :   21 (   0 filtered)
Number of infos    :    2 (   0 filtered)

